[配置] 已加载等级经验表 (200 级)
[配置] 已加载植物配置 (123 种)
[配置] 已加载物品配置 (444 条)
[扫码登录] 正在获取二维码...

[扫码登录] 请用 QQ 扫描下方二维码确认登录:
▄▄▄▄▄▄▄▄▄▄▄▄▄▄▄▄▄▄▄▄▄▄▄▄▄▄▄▄▄▄▄▄▄▄▄▄▄▄▄
█ ▄▄▄▄▄ █ ██▀▀  ▀▄▀▀▀▀▄▄▄ █▄▄▀█ ▄▄▄▄▄ █
█ █   █ █  ▀█ █▄██▄▀█▀▄▀▄▀▀▄ ▀█ █   █ █
█ █▄▄▄█ █▀  █▄███▀ ▄▀██▄▄ ▄█▄▄█ █▄▄▄█ █
█▄▄▄▄▄▄▄█▄█ ▀▄▀▄▀ ▀ ▀ ▀▄█▄█ ▀▄█▄▄▄▄▄▄▄█
█ ▄█▀▄ ▄▀▀▀▄█▄ ▀█▀ █▀█▄▄▀▀▀▀▀▀▀█▄▀▄  ▄█
█ ▀▄▄ █▄█▄ ▄█▀█▀█▄ █▀ ▀▄▄▀▄▀▄█▄█▄█ ▀▄▀█
█▀█▄▀██▄ ▀█▄▄▀▄▄▄█ ██▀ ▀▀▄▀▄ ▀█▄█▀▀ ▀▄█
█ ▀ ▄▄▄▄ ▀▀▄ ▄ ▄ █ ▀██ ▄▄▀▄█▄▀▀ ▀ ▀▀▀██
██▄▄█▄ ▄▀▄ ██▄ ▀▀▀ ▄▄▀▄▀▀▀▀▄▀▀▄▄ ▀▀ ▀▄█
█▀▀▀▀▄ ▄▄▄▀▀█▀█▀ ▄  █▄ ▀ ██ ▄█▄▀ ██▀▀██
█▀▀▄ █▀▄  █▄▄▀▄▄▀▀▄▄█▀▄▀▀▀▀▀ █▄▄▄▀█  ▄█
█▄ ██▄▄▄▄▄▄█ ▄ ▄ ▀ ▀█▀ ▄▄█▄▄ ▀█ ▀   ▀██
█ ▄ ▄ ▄▄▀ ▄▀█▄ ▀ ▀▄ ▄▀▄▀▀▄▀▀▀ ▄▄▄▀ ▄ ▄█
███ ▄  ▄██▀ █▀█▀ █▀▄▀▄▀▄  ▄▄ ▀█▄  ▀ ▀██
█▄▄██▄█▄█ ▄▄▄▀▄▄ ▄▄▀▄▄ ▀▀▀▀▄▀ ▄▄▄ ▀ ███
█ ▄▄▄▄▄ █▀▀█ ▄ ▄ █▀▄█▄ ▄ ▄▄ █ █▄█ ▄▀█▀█
█ █   █ █▄▀▄█▄ ▀ ▀▄██▀▄▀▀▀▀▀▀▄▄  ▄▄▄▀ █
█ █▄▄▄█ █▀▄ █▀█▀▄█▀██▄ ▀ ██▀▄▄▄ ▄▀█ ▀██
█▄▄▄▄▄▄▄█▄▄▄▄█▄▄▄█▄█▄█▄████▄▄█▄█▄█▄▄▄▄█

[扫码登录] 若二维码显示异常，可直接打开链接: https://api.qrserver.com/v1/create-qr-code/?size=300x300&data=https%3A%2F%2Fh5.qzone.qq.com%2Fqqq%2Fcode%2F7c25ff7a015b06f2891c94139419c490%3F_proxy%3D1%26from%3Dide

